Build started 15-Aug-19 11:06:19 AM.
     1>Project "D:\sua2019\DoAn_CTDL_DeTai_ThuVien\DoAn_CTDL_DeTai_ThuVien.vcxproj" on node 2 (Build target(s)).
     1>ClCompile:
         C:\Program Files (x86)\Microsoft Visual Studio 12.0\VC\bin\CL.exe /c /Zi /nologo /W3 /WX- /sdl /O2 /Oi /Oy- /GL /D _MBCS /Gm- /EHsc /MD /GS /Gy /fp:precise /Zc:wchar_t /Zc:forScope /Fo"Release\\" /Fd"Release\vc120.pdb" /Gd /TP /analyze- /errorReport:prompt main.cpp
         main.cpp
     1>d:\sua2019\doan_ctdl_detai_thuvien\mylib.h(47): warning C4244: '+=' : conversion from 'double' to 'int', possible loss of data
     1>d:\sua2019\doan_ctdl_detai_thuvien\mylib.h(58): warning C4018: '<' : signed/unsigned mismatch
     1>d:\sua2019\doan_ctdl_detai_thuvien\mylib.h(100): warning C4018: '<' : signed/unsigned mismatch
     1>d:\sua2019\doan_ctdl_detai_thuvien\mylib.h(116): warning C4018: '<' : signed/unsigned mismatch
     1>d:\sua2019\doan_ctdl_detai_thuvien\console.h(185): warning C4309: 'initializing' : truncation of constant value
     1>d:\sua2019\doan_ctdl_detai_thuvien\console.h(295): warning C4244: '+=' : conversion from 'double' to 'int', possible loss of data
     1>d:\sua2019\doan_ctdl_detai_thuvien\console.h(306): warning C4018: '<' : signed/unsigned mismatch
     1>d:\sua2019\doan_ctdl_detai_thuvien\GiaoDienSach.h(118): warning C4172: returning address of local variable or temporary
     1>d:\sua2019\doan_ctdl_detai_thuvien\GiaoDienSach.h(348): warning C4101: 'sotrang' : unreferenced local variable
     1>d:\sua2019\doan_ctdl_detai_thuvien\GiaoDienSach.h(348): warning C4101: 'soluong' : unreferenced local variable
     1>d:\sua2019\doan_ctdl_detai_thuvien\GiaoDienSach.h(348): warning C4101: 'namxb' : unreferenced local variable
     1>d:\sua2019\doan_ctdl_detai_thuvien\GiaoDienSach.h(731): warning C4551: function call missing argument list
     1>d:\sua2019\doan_ctdl_detai_thuvien\GiaoDienSach.h(852): warning C4551: function call missing argument list
     1>d:\sua2019\doan_ctdl_detai_thuvien\GiaoDienSach.h(845): warning C4102: 'start' : unreferenced label
     1>d:\sua2019\doan_ctdl_detai_thuvien\GiaoDienSach.h(1789): warning C4102: 'phai' : unreferenced label
     1>d:\sua2019\doan_ctdl_detai_thuvien\GiaoDienSach.h(2421): warning C4553: '==' : operator has no effect; did you intend '='?
     1>d:\sua2019\doan_ctdl_detai_thuvien\GiaoDienSach.h(2427): warning C4553: '==' : operator has no effect; did you intend '='?
     1>d:\sua2019\doan_ctdl_detai_thuvien\GiaoDienSach.h(2517): warning C4101: 'p' : unreferenced local variable
     1>d:\sua2019\doan_ctdl_detai_thuvien\GiaoDienSach.h(3514): warning C4102: 'matsach' : unreferenced label
       Link:
         C:\Program Files (x86)\Microsoft Visual Studio 12.0\VC\bin\link.exe /ERRORREPORT:PROMPT /OUT:"D:\sua2019\DoAn_CTDL_DeTai_ThuVien\Release\DoAn_CTDL_DeTai_ThuVien.exe" /NOLOGO kernel32.lib user32.lib gdi32.lib winspool.lib comdlg32.lib advapi32.lib shell32.lib ole32.lib oleaut32.lib uuid.lib odbc32.lib odbccp32.lib /MANIFEST /MANIFESTUAC:"level='asInvoker' uiAccess='false'" /manifest:embed /DEBUG /PDB:"D:\sua2019\DoAn_CTDL_DeTai_ThuVien\Release\DoAn_CTDL_DeTai_ThuVien.pdb" /OPT:REF /OPT:ICF /LTCG /TLBID:1 /DYNAMICBASE /NXCOMPAT /IMPLIB:"D:\sua2019\DoAn_CTDL_DeTai_ThuVien\Release\DoAn_CTDL_DeTai_ThuVien.lib" /MACHINE:X86 /SAFESEH Release\main.obj
         Generating code
         Finished generating code
         DoAn_CTDL_DeTai_ThuVien.vcxproj -> D:\sua2019\DoAn_CTDL_DeTai_ThuVien\Release\DoAn_CTDL_DeTai_ThuVien.exe
     1>Done Building Project "D:\sua2019\DoAn_CTDL_DeTai_ThuVien\DoAn_CTDL_DeTai_ThuVien.vcxproj" (Build target(s)).

Build succeeded.

Time Elapsed 00:00:04.29
